{"D:\\arquivos\\development\\estudos\\Javascript\\VueMasterclass\\src\\components\\ActionButton.vue": {"path":"D:\\arquivos\\development\\estudos\\Javascript\\VueMasterclass\\src\\components\\ActionButton.vue","statementMap":{"0":{"start":{"line":10,"column":15},"end":{"line":10,"column":null}}},"fnMap":{},"branchMap":{},"s":{"0":1},"f":{},"b":{}}
,"D:\\arquivos\\development\\estudos\\Javascript\\VueMasterclass\\src\\components\\ProfileImage.vue": {"path":"D:\\arquivos\\development\\estudos\\Javascript\\VueMasterclass\\src\\components\\ProfileImage.vue","statementMap":{"0":{"start":{"line":10,"column":15},"end":{"line":10,"column":null}},"1":{"start":{"line":14,"column":4},"end":{"line":14,"column":11}}},"fnMap":{"0":{"name":"(anonymous_0)","decl":{"start":{"line":13,"column":2},"end":{"line":13,"column":6}},"loc":{"start":{"line":13,"column":9},"end":{"line":17,"column":null}}}},"branchMap":{},"s":{"0":1,"1":1},"f":{"0":1},"b":{}}
}
